d:\coding\course2\visualqueue\visualqueue\debug\visualqueue.pch
d:\coding\course2\visualqueue\visualqueue\debug\vc141.pdb
d:\coding\course2\visualqueue\visualqueue\debug\vc141.idb
d:\coding\course2\visualqueue\visualqueue\debug\stdafx.obj
d:\coding\course2\visualqueue\visualqueue\debug\visualqueue.obj
d:\coding\course2\visualqueue\visualqueue\debug\myqueue.obj
d:\coding\course2\visualqueue\debug\visualqueue.exe
d:\coding\course2\visualqueue\debug\visualqueue.ilk
d:\coding\course2\visualqueue\debug\visualqueue.pdb
d:\coding\course2\visualqueue\visualqueue\debug\visualqueue.res
c:\users\fpm.artyushk\source\repos\visualqueue\visualqueue\debug\myqueue.obj
c:\users\fpm.artyushk\source\repos\visualqueue\visualqueue\debug\stdafx.obj
c:\users\fpm.artyushk\source\repos\visualqueue\visualqueue\debug\visualqueue.obj
c:\users\fpm.artyushk\source\repos\visualqueue\visualqueue\debug\visualqueue.res
c:\users\fpm.artyushk\source\repos\visualqueue\visualqueue\debug\visualqueue.pch
c:\users\fpm.artyushk\source\repos\visualqueue\visualqueue\debug\vc141.idb
c:\users\fpm.artyushk\source\repos\visualqueue\visualqueue\debug\vc141.pdb
c:\users\fpm.artyushk\source\repos\visualqueue\debug\visualqueue.pdb
c:\users\fpm.artyushk\source\repos\visualqueue\debug\visualqueue.exe
c:\users\fpm.artyushk\source\repos\visualqueue\debug\visualqueue.ilk
c:\users\fpm.artyushk\source\repos\visualqueue\visualqueue\debug\visualqueue.tlog\cl.command.1.tlog
c:\users\fpm.artyushk\source\repos\visualqueue\visualqueue\debug\visualqueue.tlog\cl.read.1.tlog
c:\users\fpm.artyushk\source\repos\visualqueue\visualqueue\debug\visualqueue.tlog\cl.write.1.tlog
c:\users\fpm.artyushk\source\repos\visualqueue\visualqueue\debug\visualqueue.tlog\link.command.1.tlog
c:\users\fpm.artyushk\source\repos\visualqueue\visualqueue\debug\visualqueue.tlog\link.read.1.tlog
c:\users\fpm.artyushk\source\repos\visualqueue\visualqueue\debug\visualqueue.tlog\link.write.1.tlog
c:\users\fpm.artyushk\source\repos\visualqueue\visualqueue\debug\visualqueue.tlog\rc.command.1.tlog
c:\users\fpm.artyushk\source\repos\visualqueue\visualqueue\debug\visualqueue.tlog\rc.read.1.tlog
c:\users\fpm.artyushk\source\repos\visualqueue\visualqueue\debug\visualqueue.tlog\rc.write.1.tlog
